# JRE version: OpenJDK Runtime Environment Temurin-21.0.9+10 (21.0.9+10) (build 21.0.9+10-LTS)
# Java VM: OpenJDK 64-Bit Server VM Temurin-21.0.9+10 (21.0.9+10-LTS, mixed mode, sharing, tiered, compressed oops, compressed class ptrs, parallel gc, windows-amd64)
GC Precious Log:
 CardTable entry size: 512
 CPUs: 4 total, 4 available
 Memory: 16225M
 Large Page Support: Disabled
 NUMA Support: Disabled
 Compressed Oops: Enabled (32-bit)
 Alignments: Space 512K, Generation 512K, Heap 2M
 Heap Min Capacity: 100M
 Heap Initial Capacity: 100M
 Heap Max Capacity: 2G
 Pre-touch: Disabled
 Parallel Workers: 4
Heap:
 PSYoungGen      total 3072K, used 1623K [0x00000000d5580000, 0x00000000d5a00000, 0x0000000100000000)
  eden space 2048K, 41% used [0x00000000d5580000,0x00000000d5655f70,0x00000000d5780000)
  from space 1024K, 75% used [0x00000000d5880000,0x00000000d5940000,0x00000000d5980000)
  to   space 512K, 0% used [0x00000000d5980000,0x00000000d5980000,0x00000000d5a00000)
 ParOldGen       total 295936K, used 276390K [0x0000000080000000, 0x0000000092100000, 0x00000000d5580000)
  object space 295936K, 93% used [0x0000000080000000,0x0000000090de9848,0x0000000092100000)
 Metaspace       used 76170K, committed 77888K, reserved 1179648K
  class space    used 8309K, committed 9088K, reserved 1048576K
GC Heap History (20 events):
Event: 6067.545 GC heap before
{Heap before GC invocations=1204 (full 4):
 PSYoungGen      total 9216K, used 8840K [0x00000000d5580000, 0x00000000d6200000, 0x0000000100000000)
  eden space 5632K, 100% used [0x00000000d5580000,0x00000000d5b00000,0x00000000d5b00000)
  from space 3584K, 89% used [0x00000000d5b80000,0x00000000d5ea2000,0x00000000d5f00000)
  to   space 3072K, 0% used [0x00000000d5f00000,0x00000000d5f00000,0x00000000d6200000)
 ParOldGen       total 295936K, used 256625K [0x0000000080000000, 0x0000000092100000, 0x00000000d5580000)
  object space 295936K, 86% used [0x0000000080000000,0x000000008fa9c5d0,0x0000000092100000)
 Metaspace       used 76167K, committed 77888K, reserved 1179648K
  class space    used 8309K, committed 9088K, reserved 1048576K
}
Event: 6067.562 GC heap after
{Heap after GC invocations=1204 (full 4):
 PSYoungGen      total 5120K, used 3040K [0x00000000d5580000, 0x00000000d6b80000, 0x0000000100000000)
  eden space 2048K, 0% used [0x00000000d5580000,0x00000000d5580000,0x00000000d5780000)
  from space 3072K, 98% used [0x00000000d5f00000,0x00000000d61f81f8,0x00000000d6200000)
  to   space 7680K, 0% used [0x00000000d5780000,0x00000000d5780000,0x00000000d5f00000)
 ParOldGen       total 295936K, used 260359K [0x0000000080000000, 0x0000000092100000, 0x00000000d5580000)
  object space 295936K, 87% used [0x0000000080000000,0x000000008fe41e48,0x0000000092100000)
 Metaspace       used 76167K, committed 77888K, reserved 1179648K
  class space    used 8309K, committed 9088K, reserved 1048576K
}
Event: 6067.629 GC heap before
{Heap before GC invocations=1205 (full 4):
 PSYoungGen      total 5120K, used 4771K [0x00000000d5580000, 0x00000000d6b80000, 0x0000000100000000)
  eden space 2048K, 84% used [0x00000000d5580000,0x00000000d5730b40,0x00000000d5780000)
  from space 3072K, 98% used [0x00000000d5f00000,0x00000000d61f81f8,0x00000000d6200000)
  to   space 7680K, 0% used [0x00000000d5780000,0x00000000d5780000,0x00000000d5f00000)
 ParOldGen       total 295936K, used 260359K [0x0000000080000000, 0x0000000092100000, 0x00000000d5580000)
  object space 295936K, 87% used [0x0000000080000000,0x000000008fe41e48,0x0000000092100000)
 Metaspace       used 76167K, committed 77888K, reserved 1179648K
  class space    used 8309K, committed 9088K, reserved 1048576K
}
Event: 6067.641 GC heap after
{Heap after GC invocations=1205 (full 4):
 PSYoungGen      total 3584K, used 1318K [0x00000000d5580000, 0x00000000d5f80000, 0x0000000100000000)
  eden space 2048K, 0% used [0x00000000d5580000,0x00000000d5580000,0x00000000d5780000)
  from space 1536K, 85% used [0x00000000d5780000,0x00000000d58c9910,0x00000000d5900000)
  to   space 3584K, 0% used [0x00000000d5c00000,0x00000000d5c00000,0x00000000d5f80000)
 ParOldGen       total 295936K, used 263392K [0x0000000080000000, 0x0000000092100000, 0x00000000d5580000)
  object space 295936K, 89% used [0x0000000080000000,0x0000000090138130,0x0000000092100000)
 Metaspace       used 76167K, committed 77888K, reserved 1179648K
  class space    used 8309K, committed 9088K, reserved 1048576K
}
Event: 6067.659 GC heap before
{Heap before GC invocations=1206 (full 4):
 PSYoungGen      total 3584K, used 3366K [0x00000000d5580000, 0x00000000d5f80000, 0x0000000100000000)
  eden space 2048K, 100% used [0x00000000d5580000,0x00000000d5780000,0x00000000d5780000)
  from space 1536K, 85% used [0x00000000d5780000,0x00000000d58c9910,0x00000000d5900000)
  to   space 3584K, 0% used [0x00000000d5c00000,0x00000000d5c00000,0x00000000d5f80000)
 ParOldGen       total 295936K, used 263392K [0x0000000080000000, 0x0000000092100000, 0x00000000d5580000)
  object space 295936K, 89% used [0x0000000080000000,0x0000000090138130,0x0000000092100000)
 Metaspace       used 76167K, committed 77888K, reserved 1179648K
  class space    used 8309K, committed 9088K, reserved 1048576K
}
Event: 6067.669 GC heap after
{Heap after GC invocations=1206 (full 4):
 PSYoungGen      total 4608K, used 1615K [0x00000000d5580000, 0x00000000d5e00000, 0x0000000100000000)
  eden space 2560K, 0% used [0x00000000d5580000,0x00000000d5580000,0x00000000d5800000)
  from space 2048K, 78% used [0x00000000d5c00000,0x00000000d5d93c30,0x00000000d5e00000)
  to   space 2048K, 0% used [0x00000000d5a00000,0x00000000d5a00000,0x00000000d5c00000)
 ParOldGen       total 295936K, used 264657K [0x0000000080000000, 0x0000000092100000, 0x00000000d5580000)
  object space 295936K, 89% used [0x0000000080000000,0x0000000090274640,0x0000000092100000)
 Metaspace       used 76167K, committed 77888K, reserved 1179648K
  class space    used 8309K, committed 9088K, reserved 1048576K
}
Event: 6067.714 GC heap before
{Heap before GC invocations=1207 (full 4):
 PSYoungGen      total 4608K, used 4175K [0x00000000d5580000, 0x00000000d5e00000, 0x0000000100000000)
  eden space 2560K, 100% used [0x00000000d5580000,0x00000000d5800000,0x00000000d5800000)
  from space 2048K, 78% used [0x00000000d5c00000,0x00000000d5d93c30,0x00000000d5e00000)
  to   space 2048K, 0% used [0x00000000d5a00000,0x00000000d5a00000,0x00000000d5c00000)
 ParOldGen       total 295936K, used 264657K [0x0000000080000000, 0x0000000092100000, 0x00000000d5580000)
  object space 295936K, 89% used [0x0000000080000000,0x0000000090274640,0x0000000092100000)
 Metaspace       used 76167K, committed 77888K, reserved 1179648K
  class space    used 8309K, committed 9088K, reserved 1048576K
}
Event: 6067.720 GC heap after
{Heap after GC invocations=1207 (full 4):
 PSYoungGen      total 5120K, used 1999K [0x00000000d5580000, 0x00000000d5d80000, 0x0000000100000000)
  eden space 3072K, 0% used [0x00000000d5580000,0x00000000d5580000,0x00000000d5880000)
  from space 2048K, 97% used [0x00000000d5a00000,0x00000000d5bf3d68,0x00000000d5c00000)
  to   space 1536K, 0% used [0x00000000d5c00000,0x00000000d5c00000,0x00000000d5d80000)
 ParOldGen       total 295936K, used 266259K [0x0000000080000000, 0x0000000092100000, 0x00000000d5580000)
  object space 295936K, 89% used [0x0000000080000000,0x0000000090404e38,0x0000000092100000)
 Metaspace       used 76167K, committed 77888K, reserved 1179648K
  class space    used 8309K, committed 9088K, reserved 1048576K
}
Event: 6067.759 GC heap before
{Heap before GC invocations=1208 (full 4):
 PSYoungGen      total 5120K, used 5071K [0x00000000d5580000, 0x00000000d5d80000, 0x0000000100000000)
  eden space 3072K, 100% used [0x00000000d5580000,0x00000000d5880000,0x00000000d5880000)
  from space 2048K, 97% used [0x00000000d5a00000,0x00000000d5bf3d68,0x00000000d5c00000)
  to   space 1536K, 0% used [0x00000000d5c00000,0x00000000d5c00000,0x00000000d5d80000)
 ParOldGen       total 295936K, used 266259K [0x0000000080000000, 0x0000000092100000, 0x00000000d5580000)
  object space 295936K, 89% used [0x0000000080000000,0x0000000090404e38,0x0000000092100000)
 Metaspace       used 76167K, committed 77888K, reserved 1179648K
  class space    used 8309K, committed 9088K, reserved 1048576K
}
Event: 6067.769 GC heap after
{Heap after GC invocations=1208 (full 4):
 PSYoungGen      total 3072K, used 1518K [0x00000000d5580000, 0x00000000d6380000, 0x0000000100000000)
  eden space 1536K, 0% used [0x00000000d5580000,0x00000000d5580000,0x00000000d5700000)
  from space 1536K, 98% used [0x00000000d5c00000,0x00000000d5d7b880,0x00000000d5d80000)
  to   space 5120K, 0% used [0x00000000d5700000,0x00000000d5700000,0x00000000d5c00000)
 ParOldGen       total 295936K, used 269120K [0x0000000080000000, 0x0000000092100000, 0x00000000d5580000)
  object space 295936K, 90% used [0x0000000080000000,0x00000000906d0018,0x0000000092100000)
 Metaspace       used 76167K, committed 77888K, reserved 1179648K
  class space    used 8309K, committed 9088K, reserved 1048576K
}
Event: 6067.782 GC heap before
{Heap before GC invocations=1209 (full 4):
 PSYoungGen      total 3072K, used 3054K [0x00000000d5580000, 0x00000000d6380000, 0x0000000100000000)
  eden space 1536K, 99% used [0x00000000d5580000,0x00000000d56fffd8,0x00000000d5700000)
  from space 1536K, 98% used [0x00000000d5c00000,0x00000000d5d7b880,0x00000000d5d80000)
  to   space 5120K, 0% used [0x00000000d5700000,0x00000000d5700000,0x00000000d5c00000)
 ParOldGen       total 295936K, used 269120K [0x0000000080000000, 0x0000000092100000, 0x00000000d5580000)
  object space 295936K, 90% used [0x0000000080000000,0x00000000906d0018,0x0000000092100000)
 Metaspace       used 76167K, committed 77888K, reserved 1179648K
  class space    used 8309K, committed 9088K, reserved 1048576K
}
Event: 6067.789 GC heap after
{Heap after GC invocations=1209 (full 4):
 PSYoungGen      total 3072K, used 1447K [0x00000000d5580000, 0x00000000d5c80000, 0x0000000100000000)
  eden space 1536K, 0% used [0x00000000d5580000,0x00000000d5580000,0x00000000d5700000)
  from space 1536K, 94% used [0x00000000d5700000,0x00000000d5869f50,0x00000000d5880000)
  to   space 2560K, 0% used [0x00000000d5a00000,0x00000000d5a00000,0x00000000d5c80000)
 ParOldGen       total 295936K, used 270606K [0x0000000080000000, 0x0000000092100000, 0x00000000d5580000)
  object space 295936K, 91% used [0x0000000080000000,0x0000000090843a80,0x0000000092100000)
 Metaspace       used 76167K, committed 77888K, reserved 1179648K
  class space    used 8309K, committed 9088K, reserved 1048576K
}
Event: 6067.830 GC heap before
{Heap before GC invocations=1210 (full 4):
 PSYoungGen      total 3072K, used 2796K [0x00000000d5580000, 0x00000000d5c80000, 0x0000000100000000)
  eden space 1536K, 87% used [0x00000000d5580000,0x00000000d56d1308,0x00000000d5700000)
  from space 1536K, 94% used [0x00000000d5700000,0x00000000d5869f50,0x00000000d5880000)
  to   space 2560K, 0% used [0x00000000d5a00000,0x00000000d5a00000,0x00000000d5c80000)
 ParOldGen       total 295936K, used 272162K [0x0000000080000000, 0x0000000092100000, 0x00000000d5580000)
  object space 295936K, 91% used [0x0000000080000000,0x00000000909c8ad0,0x0000000092100000)
 Metaspace       used 76167K, committed 77888K, reserved 1179648K
  class space    used 8309K, committed 9088K, reserved 1048576K
}
Event: 6067.835 GC heap after
{Heap after GC invocations=1210 (full 4):
 PSYoungGen      total 3072K, used 763K [0x00000000d5580000, 0x00000000d5b00000, 0x0000000100000000)
  eden space 2048K, 0% used [0x00000000d5580000,0x00000000d5580000,0x00000000d5780000)
  from space 1024K, 74% used [0x00000000d5a00000,0x00000000d5abedd8,0x00000000d5b00000)
  to   space 1536K, 0% used [0x00000000d5800000,0x00000000d5800000,0x00000000d5980000)
 ParOldGen       total 295936K, used 273540K [0x0000000080000000, 0x0000000092100000, 0x00000000d5580000)
  object space 295936K, 92% used [0x0000000080000000,0x0000000090b213a8,0x0000000092100000)
 Metaspace       used 76167K, committed 77888K, reserved 1179648K
  class space    used 8309K, committed 9088K, reserved 1048576K
}
Event: 6067.890 GC heap before
{Heap before GC invocations=1211 (full 4):
 PSYoungGen      total 3072K, used 2811K [0x00000000d5580000, 0x00000000d5b00000, 0x0000000100000000)
  eden space 2048K, 100% used [0x00000000d5580000,0x00000000d5780000,0x00000000d5780000)
  from space 1024K, 74% used [0x00000000d5a00000,0x00000000d5abedd8,0x00000000d5b00000)
  to   space 1536K, 0% used [0x00000000d5800000,0x00000000d5800000,0x00000000d5980000)
 ParOldGen       total 295936K, used 273540K [0x0000000080000000, 0x0000000092100000, 0x00000000d5580000)
  object space 295936K, 92% used [0x0000000080000000,0x0000000090b213a8,0x0000000092100000)
 Metaspace       used 76167K, committed 77888K, reserved 1179648K
  class space    used 8309K, committed 9088K, reserved 1048576K
}
Event: 6067.895 GC heap after
{Heap after GC invocations=1211 (full 4):
 PSYoungGen      total 3584K, used 1462K [0x00000000d5580000, 0x00000000d5b80000, 0x0000000100000000)
  eden space 2048K, 0% used [0x00000000d5580000,0x00000000d5580000,0x00000000d5780000)
  from space 1536K, 95% used [0x00000000d5800000,0x00000000d596d980,0x00000000d5980000)
  to   space 2048K, 0% used [0x00000000d5980000,0x00000000d5980000,0x00000000d5b80000)
 ParOldGen       total 295936K, used 274278K [0x0000000080000000, 0x0000000092100000, 0x00000000d5580000)
  object space 295936K, 92% used [0x0000000080000000,0x0000000090bd9a08,0x0000000092100000)
 Metaspace       used 76167K, committed 77888K, reserved 1179648K
  class space    used 8309K, committed 9088K, reserved 1048576K
}
Event: 6068.258 GC heap before
{Heap before GC invocations=1212 (full 4):
 PSYoungGen      total 3584K, used 3510K [0x00000000d5580000, 0x00000000d5b80000, 0x0000000100000000)
  eden space 2048K, 100% used [0x00000000d5580000,0x00000000d5780000,0x00000000d5780000)
  from space 1536K, 95% used [0x00000000d5800000,0x00000000d596d980,0x00000000d5980000)
  to   space 2048K, 0% used [0x00000000d5980000,0x00000000d5980000,0x00000000d5b80000)
 ParOldGen       total 295936K, used 274278K [0x0000000080000000, 0x0000000092100000, 0x00000000d5580000)
  object space 295936K, 92% used [0x0000000080000000,0x0000000090bd9a08,0x0000000092100000)
 Metaspace       used 76170K, committed 77888K, reserved 1179648K
  class space    used 8309K, committed 9088K, reserved 1048576K
}
Event: 6068.265 GC heap after
{Heap after GC invocations=1212 (full 4):
 PSYoungGen      total 3072K, used 768K [0x00000000d5580000, 0x00000000d5a80000, 0x0000000100000000)
  eden space 2048K, 0% used [0x00000000d5580000,0x00000000d5580000,0x00000000d5780000)
  from space 1024K, 75% used [0x00000000d5980000,0x00000000d5a40000,0x00000000d5a80000)
  to   space 1024K, 0% used [0x00000000d5880000,0x00000000d5880000,0x00000000d5980000)
 ParOldGen       total 295936K, used 275683K [0x0000000080000000, 0x0000000092100000, 0x00000000d5580000)
  object space 295936K, 93% used [0x0000000080000000,0x0000000090d38d78,0x0000000092100000)
 Metaspace       used 76170K, committed 77888K, reserved 1179648K
  class space    used 8309K, committed 9088K, reserved 1048576K
}
Event: 6068.490 GC heap before
{Heap before GC invocations=1213 (full 4):
 PSYoungGen      total 3072K, used 2816K [0x00000000d5580000, 0x00000000d5a80000, 0x0000000100000000)
  eden space 2048K, 100% used [0x00000000d5580000,0x00000000d5780000,0x00000000d5780000)
  from space 1024K, 75% used [0x00000000d5980000,0x00000000d5a40000,0x00000000d5a80000)
  to   space 1024K, 0% used [0x00000000d5880000,0x00000000d5880000,0x00000000d5980000)
 ParOldGen       total 295936K, used 275683K [0x0000000080000000, 0x0000000092100000, 0x00000000d5580000)
  object space 295936K, 93% used [0x0000000080000000,0x0000000090d38d78,0x0000000092100000)
 Metaspace       used 76170K, committed 77888K, reserved 1179648K
  class space    used 8309K, committed 9088K, reserved 1048576K
}
Event: 6068.496 GC heap after
{Heap after GC invocations=1213 (full 4):
 PSYoungGen      total 3072K, used 768K [0x00000000d5580000, 0x00000000d5a00000, 0x0000000100000000)
  eden space 2048K, 0% used [0x00000000d5580000,0x00000000d5580000,0x00000000d5780000)
  from space 1024K, 75% used [0x00000000d5880000,0x00000000d5940000,0x00000000d5980000)
  to   space 512K, 0% used [0x00000000d5980000,0x00000000d5980000,0x00000000d5a00000)
 ParOldGen       total 295936K, used 276390K [0x0000000080000000, 0x0000000092100000, 0x00000000d5580000)
  object space 295936K, 93% used [0x0000000080000000,0x0000000090de9848,0x0000000092100000)
 Metaspace       used 76170K, committed 77888K, reserved 1179648K
  class space    used 8309K, committed 9088K, reserved 1048576K
}

