# JRE version: OpenJDK Runtime Environment Temurin-21.0.9+10 (21.0.9+10) (build 21.0.9+10-LTS)
# Java VM: OpenJDK 64-Bit Server VM Temurin-21.0.9+10 (21.0.9+10-LTS, mixed mode, sharing, tiered, compressed oops, compressed class ptrs, parallel gc, windows-amd64)
GC Precious Log:
 CardTable entry size: 512
 CPUs: 4 total, 4 available
 Memory: 16225M
 Large Page Support: Disabled
 NUMA Support: Disabled
 Compressed Oops: Enabled (32-bit)
 Alignments: Space 512K, Generation 512K, Heap 2M
 Heap Min Capacity: 100M
 Heap Initial Capacity: 100M
 Heap Max Capacity: 2G
 Pre-touch: Disabled
 Parallel Workers: 4
Heap:
 PSYoungGen      total 13824K, used 10356K [0x00000000d5580000, 0x00000000d6480000, 0x0000000100000000)
  eden space 12288K, 77% used [0x00000000d5580000,0x00000000d5ed6dc8,0x00000000d6180000)
  from space 1536K, 51% used [0x00000000d6180000,0x00000000d6246410,0x00000000d6300000)
  to   space 1024K, 0% used [0x00000000d6380000,0x00000000d6380000,0x00000000d6480000)
 ParOldGen       total 223744K, used 223247K [0x0000000080000000, 0x000000008da80000, 0x00000000d5580000)
  object space 223744K, 99% used [0x0000000080000000,0x000000008da03ca8,0x000000008da80000)
 Metaspace       used 79572K, committed 81600K, reserved 1179648K
  class space    used 8308K, committed 9152K, reserved 1048576K
GC Heap History (20 events):
Event: 5215.486 GC heap before
{Heap before GC invocations=2594 (full 8):
 PSYoungGen      total 9728K, used 9440K [0x00000000d5580000, 0x00000000d6380000, 0x0000000100000000)
  eden space 6144K, 100% used [0x00000000d5580000,0x00000000d5b80000,0x00000000d5b80000)
  from space 3584K, 91% used [0x00000000d5b80000,0x00000000d5eb8020,0x00000000d5f00000)
  to   space 4096K, 0% used [0x00000000d5f80000,0x00000000d5f80000,0x00000000d6380000)
 ParOldGen       total 187392K, used 186948K [0x0000000080000000, 0x000000008b700000, 0x00000000d5580000)
  object space 187392K, 99% used [0x0000000080000000,0x000000008b691278,0x000000008b700000)
 Metaspace       used 79520K, committed 81600K, reserved 1179648K
  class space    used 8305K, committed 9152K, reserved 1048576K
}
Event: 5215.494 GC heap after
{Heap after GC invocations=2594 (full 8):
 PSYoungGen      total 10240K, used 3808K [0x00000000d5580000, 0x00000000d6500000, 0x0000000100000000)
  eden space 6144K, 0% used [0x00000000d5580000,0x00000000d5580000,0x00000000d5b80000)
  from space 4096K, 92% used [0x00000000d5f80000,0x00000000d6338000,0x00000000d6380000)
  to   space 4096K, 0% used [0x00000000d5b80000,0x00000000d5b80000,0x00000000d5f80000)
 ParOldGen       total 190464K, used 190227K [0x0000000080000000, 0x000000008ba00000, 0x00000000d5580000)
  object space 190464K, 99% used [0x0000000080000000,0x000000008b9c4d30,0x000000008ba00000)
 Metaspace       used 79520K, committed 81600K, reserved 1179648K
  class space    used 8305K, committed 9152K, reserved 1048576K
}
Event: 5215.545 GC heap before
{Heap before GC invocations=2595 (full 8):
 PSYoungGen      total 10240K, used 9896K [0x00000000d5580000, 0x00000000d6500000, 0x0000000100000000)
  eden space 6144K, 99% used [0x00000000d5580000,0x00000000d5b721b8,0x00000000d5b80000)
  from space 4096K, 92% used [0x00000000d5f80000,0x00000000d6338000,0x00000000d6380000)
  to   space 4096K, 0% used [0x00000000d5b80000,0x00000000d5b80000,0x00000000d5f80000)
 ParOldGen       total 190464K, used 190227K [0x0000000080000000, 0x000000008ba00000, 0x00000000d5580000)
  object space 190464K, 99% used [0x0000000080000000,0x000000008b9c4d30,0x000000008ba00000)
 Metaspace       used 79525K, committed 81600K, reserved 1179648K
  class space    used 8305K, committed 9152K, reserved 1048576K
}
Event: 5215.553 GC heap after
{Heap after GC invocations=2595 (full 8):
 PSYoungGen      total 10240K, used 4096K [0x00000000d5580000, 0x00000000d6f00000, 0x0000000100000000)
  eden space 6144K, 0% used [0x00000000d5580000,0x00000000d5580000,0x00000000d5b80000)
  from space 4096K, 100% used [0x00000000d5b80000,0x00000000d5f80000,0x00000000d5f80000)
  to   space 9216K, 0% used [0x00000000d6600000,0x00000000d6600000,0x00000000d6f00000)
 ParOldGen       total 194560K, used 194463K [0x0000000080000000, 0x000000008be00000, 0x00000000d5580000)
  object space 194560K, 99% used [0x0000000080000000,0x000000008bde7fb0,0x000000008be00000)
 Metaspace       used 79525K, committed 81600K, reserved 1179648K
  class space    used 8305K, committed 9152K, reserved 1048576K
}
Event: 5215.671 GC heap before
{Heap before GC invocations=2596 (full 8):
 PSYoungGen      total 10240K, used 10240K [0x00000000d5580000, 0x00000000d6f00000, 0x0000000100000000)
  eden space 6144K, 100% used [0x00000000d5580000,0x00000000d5b80000,0x00000000d5b80000)
  from space 4096K, 100% used [0x00000000d5b80000,0x00000000d5f80000,0x00000000d5f80000)
  to   space 9216K, 0% used [0x00000000d6600000,0x00000000d6600000,0x00000000d6f00000)
 ParOldGen       total 194560K, used 194463K [0x0000000080000000, 0x000000008be00000, 0x00000000d5580000)
  object space 194560K, 99% used [0x0000000080000000,0x000000008bde7fb0,0x000000008be00000)
 Metaspace       used 79525K, committed 81600K, reserved 1179648K
  class space    used 8305K, committed 9152K, reserved 1048576K
}
Event: 5215.681 GC heap after
{Heap after GC invocations=2596 (full 8):
 PSYoungGen      total 11776K, used 4351K [0x00000000d5580000, 0x00000000d6a80000, 0x0000000100000000)
  eden space 7168K, 0% used [0x00000000d5580000,0x00000000d5580000,0x00000000d5c80000)
  from space 4608K, 94% used [0x00000000d6600000,0x00000000d6a3fc00,0x00000000d6a80000)
  to   space 6144K, 0% used [0x00000000d5e80000,0x00000000d5e80000,0x00000000d6480000)
 ParOldGen       total 198656K, used 198597K [0x0000000080000000, 0x000000008c200000, 0x00000000d5580000)
  object space 198656K, 99% used [0x0000000080000000,0x000000008c1f16c8,0x000000008c200000)
 Metaspace       used 79525K, committed 81600K, reserved 1179648K
  class space    used 8305K, committed 9152K, reserved 1048576K
}
Event: 5217.032 GC heap before
{Heap before GC invocations=2597 (full 8):
 PSYoungGen      total 11776K, used 11518K [0x00000000d5580000, 0x00000000d6a80000, 0x0000000100000000)
  eden space 7168K, 99% used [0x00000000d5580000,0x00000000d5c7ffe0,0x00000000d5c80000)
  from space 4608K, 94% used [0x00000000d6600000,0x00000000d6a3fc00,0x00000000d6a80000)
  to   space 6144K, 0% used [0x00000000d5e80000,0x00000000d5e80000,0x00000000d6480000)
 ParOldGen       total 198656K, used 198597K [0x0000000080000000, 0x000000008c200000, 0x00000000d5580000)
  object space 198656K, 99% used [0x0000000080000000,0x000000008c1f16c8,0x000000008c200000)
 Metaspace       used 79526K, committed 81600K, reserved 1179648K
  class space    used 8305K, committed 9152K, reserved 1048576K
}
Event: 5217.045 GC heap after
{Heap after GC invocations=2597 (full 8):
 PSYoungGen      total 14336K, used 6120K [0x00000000d5580000, 0x00000000d7680000, 0x0000000100000000)
  eden space 8192K, 0% used [0x00000000d5580000,0x00000000d5580000,0x00000000d5d80000)
  from space 6144K, 99% used [0x00000000d5e80000,0x00000000d647a130,0x00000000d6480000)
  to   space 12800K, 0% used [0x00000000d6a00000,0x00000000d6a00000,0x00000000d7680000)
 ParOldGen       total 204288K, used 203828K [0x0000000080000000, 0x000000008c780000, 0x00000000d5580000)
  object space 204288K, 99% used [0x0000000080000000,0x000000008c70d2c8,0x000000008c780000)
 Metaspace       used 79526K, committed 81600K, reserved 1179648K
  class space    used 8305K, committed 9152K, reserved 1048576K
}
Event: 5217.295 GC heap before
{Heap before GC invocations=2598 (full 8):
 PSYoungGen      total 14336K, used 14312K [0x00000000d5580000, 0x00000000d7680000, 0x0000000100000000)
  eden space 8192K, 100% used [0x00000000d5580000,0x00000000d5d80000,0x00000000d5d80000)
  from space 6144K, 99% used [0x00000000d5e80000,0x00000000d647a130,0x00000000d6480000)
  to   space 12800K, 0% used [0x00000000d6a00000,0x00000000d6a00000,0x00000000d7680000)
 ParOldGen       total 204288K, used 203828K [0x0000000080000000, 0x000000008c780000, 0x00000000d5580000)
  object space 204288K, 99% used [0x0000000080000000,0x000000008c70d2c8,0x000000008c780000)
 Metaspace       used 79526K, committed 81600K, reserved 1179648K
  class space    used 8305K, committed 9152K, reserved 1048576K
}
Event: 5217.309 GC heap after
{Heap after GC invocations=2598 (full 8):
 PSYoungGen      total 18432K, used 8256K [0x00000000d5580000, 0x00000000d7280000, 0x0000000100000000)
  eden space 9728K, 0% used [0x00000000d5580000,0x00000000d5580000,0x00000000d5f00000)
  from space 8704K, 94% used [0x00000000d6a00000,0x00000000d7210000,0x00000000d7280000)
  to   space 9728K, 0% used [0x00000000d5f80000,0x00000000d5f80000,0x00000000d6900000)
 ParOldGen       total 210432K, used 209996K [0x0000000080000000, 0x000000008cd80000, 0x00000000d5580000)
  object space 210432K, 99% used [0x0000000080000000,0x000000008cd133f8,0x000000008cd80000)
 Metaspace       used 79526K, committed 81600K, reserved 1179648K
  class space    used 8305K, committed 9152K, reserved 1048576K
}
Event: 5217.945 GC heap before
{Heap before GC invocations=2599 (full 8):
 PSYoungGen      total 18432K, used 17983K [0x00000000d5580000, 0x00000000d7280000, 0x0000000100000000)
  eden space 9728K, 99% used [0x00000000d5580000,0x00000000d5efffa0,0x00000000d5f00000)
  from space 8704K, 94% used [0x00000000d6a00000,0x00000000d7210000,0x00000000d7280000)
  to   space 9728K, 0% used [0x00000000d5f80000,0x00000000d5f80000,0x00000000d6900000)
 ParOldGen       total 210432K, used 209996K [0x0000000080000000, 0x000000008cd80000, 0x00000000d5580000)
  object space 210432K, 99% used [0x0000000080000000,0x000000008cd133f8,0x000000008cd80000)
 Metaspace       used 79526K, committed 81600K, reserved 1179648K
  class space    used 8305K, committed 9152K, reserved 1048576K
}
Event: 5217.960 GC heap after
{Heap after GC invocations=2599 (full 8):
 PSYoungGen      total 15360K, used 5145K [0x00000000d5580000, 0x00000000d6c00000, 0x0000000100000000)
  eden space 9728K, 0% used [0x00000000d5580000,0x00000000d5580000,0x00000000d5f00000)
  from space 5632K, 91% used [0x00000000d5f80000,0x00000000d6486400,0x00000000d6500000)
  to   space 6656K, 0% used [0x00000000d6580000,0x00000000d6580000,0x00000000d6c00000)
 ParOldGen       total 218624K, used 218244K [0x0000000080000000, 0x000000008d580000, 0x00000000d5580000)
  object space 218624K, 99% used [0x0000000080000000,0x000000008d5213f8,0x000000008d580000)
 Metaspace       used 79526K, committed 81600K, reserved 1179648K
  class space    used 8305K, committed 9152K, reserved 1048576K
}
Event: 5217.981 GC heap before
{Heap before GC invocations=2600 (full 8):
 PSYoungGen      total 15360K, used 14873K [0x00000000d5580000, 0x00000000d6c00000, 0x0000000100000000)
  eden space 9728K, 100% used [0x00000000d5580000,0x00000000d5f00000,0x00000000d5f00000)
  from space 5632K, 91% used [0x00000000d5f80000,0x00000000d6486400,0x00000000d6500000)
  to   space 6656K, 0% used [0x00000000d6580000,0x00000000d6580000,0x00000000d6c00000)
 ParOldGen       total 218624K, used 218244K [0x0000000080000000, 0x000000008d580000, 0x00000000d5580000)
  object space 218624K, 99% used [0x0000000080000000,0x000000008d5213f8,0x000000008d580000)
 Metaspace       used 79526K, committed 81600K, reserved 1179648K
  class space    used 8305K, committed 9152K, reserved 1048576K
}
Event: 5217.987 GC heap after
{Heap after GC invocations=2600 (full 8):
 PSYoungGen      total 16896K, used 5625K [0x00000000d5580000, 0x00000000d6c80000, 0x0000000100000000)
  eden space 10240K, 0% used [0x00000000d5580000,0x00000000d5580000,0x00000000d5f80000)
  from space 6656K, 84% used [0x00000000d6580000,0x00000000d6afe400,0x00000000d6c00000)
  to   space 6144K, 0% used [0x00000000d5f80000,0x00000000d5f80000,0x00000000d6580000)
 ParOldGen       total 218624K, used 218244K [0x0000000080000000, 0x000000008d580000, 0x00000000d5580000)
  object space 218624K, 99% used [0x0000000080000000,0x000000008d5213f8,0x000000008d580000)
 Metaspace       used 79526K, committed 81600K, reserved 1179648K
  class space    used 8305K, committed 9152K, reserved 1048576K
}
Event: 5218.015 GC heap before
{Heap before GC invocations=2601 (full 8):
 PSYoungGen      total 16896K, used 15865K [0x00000000d5580000, 0x00000000d6c80000, 0x0000000100000000)
  eden space 10240K, 100% used [0x00000000d5580000,0x00000000d5f80000,0x00000000d5f80000)
  from space 6656K, 84% used [0x00000000d6580000,0x00000000d6afe400,0x00000000d6c00000)
  to   space 6144K, 0% used [0x00000000d5f80000,0x00000000d5f80000,0x00000000d6580000)
 ParOldGen       total 218624K, used 218244K [0x0000000080000000, 0x000000008d580000, 0x00000000d5580000)
  object space 218624K, 99% used [0x0000000080000000,0x000000008d5213f8,0x000000008d580000)
 Metaspace       used 79527K, committed 81600K, reserved 1179648K
  class space    used 8305K, committed 9152K, reserved 1048576K
}
Event: 5218.023 GC heap after
{Heap after GC invocations=2601 (full 8):
 PSYoungGen      total 11264K, used 713K [0x00000000d5580000, 0x00000000d6600000, 0x0000000100000000)
  eden space 10240K, 0% used [0x00000000d5580000,0x00000000d5580000,0x00000000d5f80000)
  from space 1024K, 69% used [0x00000000d5f80000,0x00000000d6032400,0x00000000d6080000)
  to   space 2560K, 0% used [0x00000000d6380000,0x00000000d6380000,0x00000000d6600000)
 ParOldGen       total 223232K, used 223215K [0x0000000080000000, 0x000000008da00000, 0x00000000d5580000)
  object space 223232K, 99% used [0x0000000080000000,0x000000008d9fbca8,0x000000008da00000)
 Metaspace       used 79527K, committed 81600K, reserved 1179648K
  class space    used 8305K, committed 9152K, reserved 1048576K
}
Event: 5218.052 GC heap before
{Heap before GC invocations=2602 (full 8):
 PSYoungGen      total 11264K, used 10953K [0x00000000d5580000, 0x00000000d6600000, 0x0000000100000000)
  eden space 10240K, 100% used [0x00000000d5580000,0x00000000d5f80000,0x00000000d5f80000)
  from space 1024K, 69% used [0x00000000d5f80000,0x00000000d6032400,0x00000000d6080000)
  to   space 2560K, 0% used [0x00000000d6380000,0x00000000d6380000,0x00000000d6600000)
 ParOldGen       total 223232K, used 223215K [0x0000000080000000, 0x000000008da00000, 0x00000000d5580000)
  object space 223232K, 99% used [0x0000000080000000,0x000000008d9fbca8,0x000000008da00000)
 Metaspace       used 79527K, committed 81600K, reserved 1179648K
  class space    used 8305K, committed 9152K, reserved 1048576K
}
Event: 5218.054 GC heap after
{Heap after GC invocations=2602 (full 8):
 PSYoungGen      total 12800K, used 793K [0x00000000d5580000, 0x00000000d6480000, 0x0000000100000000)
  eden space 11776K, 0% used [0x00000000d5580000,0x00000000d5580000,0x00000000d6100000)
  from space 1024K, 77% used [0x00000000d6380000,0x00000000d6446410,0x00000000d6480000)
  to   space 1536K, 0% used [0x00000000d6180000,0x00000000d6180000,0x00000000d6300000)
 ParOldGen       total 223232K, used 223215K [0x0000000080000000, 0x000000008da00000, 0x00000000d5580000)
  object space 223232K, 99% used [0x0000000080000000,0x000000008d9fbca8,0x000000008da00000)
 Metaspace       used 79527K, committed 81600K, reserved 1179648K
  class space    used 8305K, committed 9152K, reserved 1048576K
}
Event: 5218.085 GC heap before
{Heap before GC invocations=2603 (full 8):
 PSYoungGen      total 12800K, used 12569K [0x00000000d5580000, 0x00000000d6480000, 0x0000000100000000)
  eden space 11776K, 100% used [0x00000000d5580000,0x00000000d6100000,0x00000000d6100000)
  from space 1024K, 77% used [0x00000000d6380000,0x00000000d6446410,0x00000000d6480000)
  to   space 1536K, 0% used [0x00000000d6180000,0x00000000d6180000,0x00000000d6300000)
 ParOldGen       total 223232K, used 223215K [0x0000000080000000, 0x000000008da00000, 0x00000000d5580000)
  object space 223232K, 99% used [0x0000000080000000,0x000000008d9fbca8,0x000000008da00000)
 Metaspace       used 79527K, committed 81600K, reserved 1179648K
  class space    used 8305K, committed 9152K, reserved 1048576K
}
Event: 5218.087 GC heap after
{Heap after GC invocations=2603 (full 8):
 PSYoungGen      total 13824K, used 793K [0x00000000d5580000, 0x00000000d6480000, 0x0000000100000000)
  eden space 12288K, 0% used [0x00000000d5580000,0x00000000d5580000,0x00000000d6180000)
  from space 1536K, 51% used [0x00000000d6180000,0x00000000d6246410,0x00000000d6300000)
  to   space 1024K, 0% used [0x00000000d6380000,0x00000000d6380000,0x00000000d6480000)
 ParOldGen       total 223744K, used 223247K [0x0000000080000000, 0x000000008da80000, 0x00000000d5580000)
  object space 223744K, 99% used [0x0000000080000000,0x000000008da03ca8,0x000000008da80000)
 Metaspace       used 79527K, committed 81600K, reserved 1179648K
  class space    used 8305K, committed 9152K, reserved 1048576K
}

